{"name": "test_login_page_title[chrome]", "status": "failed", "statusDetails": {"message": "AssertionError: assert False", "trace": "self = <Tests.test_LoginPage.Test_Login object at 0x039EC5F8>\n\n    @allure.severity(allure.severity_level.CRITICAL)\n    def test_login_page_title(self):\n        self.loginpage = LoginPage(self.driver)\n        title = self.loginpage.get_login_page_title()\n        if title == TestData.LOGIN_PAGE_TITLE:\n            assert True\n        else:\n            allure.attach(self.driver.get_screenshot_as_png(),name = \"LoginPage_Title\",\n                          attachment_type= AttachmentType.PNG)\n>           assert False\nE           assert False\n\nPytest_Naveen_Framework\\Tests\\test_LoginPage.py:29: AssertionError"}, "attachments": [{"name": "LoginPage_Title", "source": "f39d614b-030d-419c-8c4a-1f02579f09eb-attachment.png", "type": "image/png"}], "parameters": [{"name": "init_driver", "value": "'chrome'"}], "start": 1623657673878, "stop": 1623657679870, "uuid": "20698672-de28-469d-9468-b1c1455b4414", "historyId": "d6fb800a34d82b0ffa68ded2b6fda68f", "testCaseId": "4f30e39438ede6bbd1f9ec69c76364b0", "fullName": "Pytest_Naveen_Framework.Tests.test_LoginPage.Test_Login#test_login_page_title", "labels": [{"name": "severity", "value": "critical"}, {"name": "tag", "value": "@pytest.mark.usefixtures('init_driver')"}, {"name": "parentSuite", "value": "Pytest_Naveen_Framework.Tests"}, {"name": "suite", "value": "test_LoginPage"}, {"name": "subSuite", "value": "Test_Login"}, {"name": "host", "value": "Amruta"}, {"name": "thread", "value": "5824-MainThread"}, {"name": "framework", "value": "pytest"}, {"name": "language", "value": "cpython3"}, {"name": "package", "value": "Pytest_Naveen_Framework.Tests.test_LoginPage"}]}