{"name": "test_login_page_title[chrome]", "status": "failed", "statusDetails": {"message": "AssertionError: assert False", "trace": "self = <Tests.test_LoginPage.Test_Login object at 0x0298C538>\n\n    @allure.severity(allure.severity_level.CRITICAL)\n    def test_login_page_title(self):\n        self.loginpage = LoginPage(self.driver)\n        title = self.loginpage.get_login_page_title()\n        if title == TestData.LOGIN_PAGE_TITLE:\n            assert True\n        else:\n            allure.attach(self.driver.get_screenshot_as_png(),name = \"LoginPage_Title\",\n                          attachment_type= AttachmentType.PNG)\n>           assert False\nE           assert False\n\nTests\\test_LoginPage.py:29: AssertionError"}, "attachments": [{"name": "LoginPage_Title", "source": "343896b2-99d0-4e05-91c0-67ad19cb1d39-attachment.png", "type": "image/png"}], "parameters": [{"name": "init_driver", "value": "'chrome'"}], "start": 1623745250264, "stop": 1623745253814, "uuid": "d7cf4433-383c-40e8-81f4-0f7439dc58b1", "historyId": "b3aeeaec8df1542239962e515bc0f5ba", "testCaseId": "473156304a6e082fd8d8eca8f297bcd7", "fullName": "Tests.test_LoginPage.Test_Login#test_login_page_title", "labels": [{"name": "severity", "value": "critical"}, {"name": "tag", "value": "@pytest.mark.usefixtures('init_driver')"}, {"name": "parentSuite", "value": "Tests"}, {"name": "suite", "value": "test_LoginPage"}, {"name": "subSuite", "value": "Test_Login"}, {"name": "host", "value": "Amruta"}, {"name": "thread", "value": "5464-MainThread"}, {"name": "framework", "value": "pytest"}, {"name": "language", "value": "cpython3"}, {"name": "package", "value": "Tests.test_LoginPage"}]}